C:\USERS\GEORG\DOCUMENTS\VISUAL STUDIO 2012\GITHUBMESS\NBODYSKETCH\NBODYSKETCH\NBODYLIBCPP\X64\DEBUG\NBODYLIBCPP.PCH
C:\USERS\GEORG\DOCUMENTS\VISUAL STUDIO 2012\GITHUBMESS\NBODYSKETCH\NBODYSKETCH\NBODYLIBCPP\X64\DEBUG\STDAFX.OBJ
C:\USERS\GEORG\DOCUMENTS\VISUAL STUDIO 2012\GITHUBMESS\NBODYSKETCH\NBODYSKETCH\NBODYLIBCPP\X64\DEBUG\VC110.PDB
C:\USERS\GEORG\DOCUMENTS\VISUAL STUDIO 2012\GITHUBMESS\NBODYSKETCH\NBODYSKETCH\NBODYLIBCPP\X64\DEBUG\NBODYLIBCPP.OBJ
C:\USERS\GEORG\DOCUMENTS\VISUAL STUDIO 2012\GITHUBMESS\NBODYSKETCH\NBODYSKETCH\NBODYLIBCPP\X64\DEBUG\ASSEMBLYINFO.OBJ
C:\USERS\GEORG\DOCUMENTS\VISUAL STUDIO 2012\GITHUBMESS\NBODYSKETCH\NBODYSKETCH\NBODYLIBCPP\X64\DEBUG\.NETFRAMEWORK,VERSION=V4.5.ASSEMBLYATTRIBUTES.OBJ
C:\USERS\GEORG\DOCUMENTS\VISUAL STUDIO 2012\GITHUBMESS\NBODYSKETCH\NBODYSKETCH\X64\DEBUG\NBODYLIBCPP.ILK
C:\USERS\GEORG\DOCUMENTS\VISUAL STUDIO 2012\GITHUBMESS\NBODYSKETCH\NBODYSKETCH\X64\DEBUG\NBODYLIBCPP.DLL
C:\USERS\GEORG\DOCUMENTS\VISUAL STUDIO 2012\GITHUBMESS\NBODYSKETCH\NBODYSKETCH\X64\DEBUG\NBODYLIBCPP.PDB
C:\USERS\GEORG\DOCUMENTS\VISUAL STUDIO 2012\GITHUBMESS\NBODYSKETCH\NBODYSKETCH\NBODYLIBCPP\X64\DEBUG\METAGEN.WRITE.1.TLOG
C:\Users\georg\Documents\Visual Studio 2012\GitHubMess\nbodysketch\nbodysketch\x64\Debug\VectorLib.dll
C:\Users\georg\Documents\Visual Studio 2012\GitHubMess\nbodysketch\nbodysketch\x64\Debug\VectorLib.pdb
C:\USERS\GEORG\DOCUMENTS\VISUAL STUDIO 2012\GITHUBMESS\NBODYSKETCH\NBODYSKETCH\NBODYLIBCPP\X64\DEBUG\APP.RES
C:\Users\georg\Documents\Visual Studio 2012\GitHubMess\nbodysketch\nbodysketch\NBodyLibCPP\x64\Debug\NBodyLibCPP.vcxprojResolveAssemblyReference.cache
C:\Users\georg\Documents\Visual Studio 2012\GitHubMess\nbodysketch\nbodysketch\NBodyLibCPP\x64\Debug\.NETFramework,Version=v4.5.AssemblyAttributes.obj
C:\Users\georg\Documents\Visual Studio 2012\GitHubMess\nbodysketch\nbodysketch\NBodyLibCPP\x64\Debug\AssemblyInfo.obj
C:\Users\georg\Documents\Visual Studio 2012\GitHubMess\nbodysketch\nbodysketch\NBodyLibCPP\x64\Debug\NBodyLibCPP.obj
C:\Users\georg\Documents\Visual Studio 2012\GitHubMess\nbodysketch\nbodysketch\NBodyLibCPP\x64\Debug\Stdafx.obj
C:\Users\georg\Documents\Visual Studio 2012\GitHubMess\nbodysketch\nbodysketch\NBodyLibCPP\x64\Debug\cl.command.1.tlog
C:\Users\georg\Documents\Visual Studio 2012\GitHubMess\nbodysketch\nbodysketch\NBodyLibCPP\x64\Debug\CL.read.1.tlog
C:\Users\georg\Documents\Visual Studio 2012\GitHubMess\nbodysketch\nbodysketch\NBodyLibCPP\x64\Debug\CL.write.1.tlog
C:\Users\georg\Documents\Visual Studio 2012\GitHubMess\nbodysketch\nbodysketch\NBodyLibCPP\x64\Debug\link.3984-cvtres.read.1.tlog
C:\Users\georg\Documents\Visual Studio 2012\GitHubMess\nbodysketch\nbodysketch\NBodyLibCPP\x64\Debug\link.3984-cvtres.write.1.tlog
C:\Users\georg\Documents\Visual Studio 2012\GitHubMess\nbodysketch\nbodysketch\NBodyLibCPP\x64\Debug\link.3984-rc.read.1.tlog
C:\Users\georg\Documents\Visual Studio 2012\GitHubMess\nbodysketch\nbodysketch\NBodyLibCPP\x64\Debug\link.3984-rc.write.1.tlog
C:\Users\georg\Documents\Visual Studio 2012\GitHubMess\nbodysketch\nbodysketch\NBodyLibCPP\x64\Debug\link.3984.read.1.tlog
C:\Users\georg\Documents\Visual Studio 2012\GitHubMess\nbodysketch\nbodysketch\NBodyLibCPP\x64\Debug\link.3984.write.1.tlog
C:\Users\georg\Documents\Visual Studio 2012\GitHubMess\nbodysketch\nbodysketch\NBodyLibCPP\x64\Debug\link.command.1.tlog
C:\Users\georg\Documents\Visual Studio 2012\GitHubMess\nbodysketch\nbodysketch\NBodyLibCPP\x64\Debug\link.read.1.tlog
C:\Users\georg\Documents\Visual Studio 2012\GitHubMess\nbodysketch\nbodysketch\NBodyLibCPP\x64\Debug\link.write.1.tlog
C:\Users\georg\Documents\Visual Studio 2012\GitHubMess\nbodysketch\nbodysketch\NBodyLibCPP\x64\Debug\metagen.read.1.tlog
C:\Users\georg\Documents\Visual Studio 2012\GitHubMess\nbodysketch\nbodysketch\NBodyLibCPP\x64\Debug\metagen.write.1.tlog
C:\Users\georg\Documents\Visual Studio 2012\GitHubMess\nbodysketch\nbodysketch\NBodyLibCPP\x64\Debug\NBodyLibCPP.write.1.tlog
C:\Users\georg\Documents\Visual Studio 2012\GitHubMess\nbodysketch\nbodysketch\NBodyLibCPP\x64\Debug\rc.command.1.tlog
C:\Users\georg\Documents\Visual Studio 2012\GitHubMess\nbodysketch\nbodysketch\NBodyLibCPP\x64\Debug\rc.read.1.tlog
C:\Users\georg\Documents\Visual Studio 2012\GitHubMess\nbodysketch\nbodysketch\NBodyLibCPP\x64\Debug\rc.write.1.tlog
C:\Users\georg\Documents\Visual Studio 2012\GitHubMess\nbodysketch\nbodysketch\NBodyLibCPP\x64\Debug\app.res
C:\Users\georg\Documents\Visual Studio 2012\GitHubMess\nbodysketch\nbodysketch\NBodyLibCPP\x64\Debug\NBodyLibCPP.pch
C:\Users\georg\Documents\Visual Studio 2012\GitHubMess\nbodysketch\nbodysketch\NBodyLibCPP\x64\Debug\vc110.pdb
C:\Users\georg\Documents\Visual Studio 2012\GitHubMess\nbodysketch\nbodysketch\NBodyLibCPP\x64\Debug\VECTORLIB.DLL.metagen
C:\Users\georg\Documents\Visual Studio 2012\GitHubMess\nbodysketch\nbodysketch\NBodyLibCPP\x64\Debug\RSAENH.DLL.bi
C:\Users\georg\Documents\Visual Studio 2012\GitHubMess\nbodysketch\nbodysketch\NBodyLibCPP\x64\Debug\TZRES.DLL.bi
C:\Users\georg\Documents\Visual Studio 2012\GitHubMess\nbodysketch\nbodysketch\x64\Debug\NBodyLibCPP.pdb
C:\Users\georg\Documents\Visual Studio 2012\GitHubMess\nbodysketch\nbodysketch\x64\Debug\NBodyLibCPP.dll
C:\Users\georg\Documents\Visual Studio 2012\GitHubMess\nbodysketch\nbodysketch\x64\Debug\NBodyLibCPP.ilk
