C:\USERS\GEORG\DOCUMENTS\VISUAL STUDIO 2012\GITHUBMESS\NBODYSKETCH\NBODYSKETCH\NBODYLIBCPP\X64\RELEASE\NBODYLIBCPP.PCH
C:\USERS\GEORG\DOCUMENTS\VISUAL STUDIO 2012\GITHUBMESS\NBODYSKETCH\NBODYSKETCH\NBODYLIBCPP\X64\RELEASE\STDAFX.OBJ
C:\USERS\GEORG\DOCUMENTS\VISUAL STUDIO 2012\GITHUBMESS\NBODYSKETCH\NBODYSKETCH\NBODYLIBCPP\X64\RELEASE\VC110.PDB
C:\USERS\GEORG\DOCUMENTS\VISUAL STUDIO 2012\GITHUBMESS\NBODYSKETCH\NBODYSKETCH\NBODYLIBCPP\X64\RELEASE\NBODYLIBCPP.OBJ
C:\USERS\GEORG\DOCUMENTS\VISUAL STUDIO 2012\GITHUBMESS\NBODYSKETCH\NBODYSKETCH\NBODYLIBCPP\X64\RELEASE\ASSEMBLYINFO.OBJ
C:\USERS\GEORG\DOCUMENTS\VISUAL STUDIO 2012\GITHUBMESS\NBODYSKETCH\NBODYSKETCH\NBODYLIBCPP\X64\RELEASE\NATIVE.OBJ
C:\USERS\GEORG\DOCUMENTS\VISUAL STUDIO 2012\GITHUBMESS\NBODYSKETCH\NBODYSKETCH\NBODYLIBCPP\X64\RELEASE\.NETFRAMEWORK,VERSION=V4.5.ASSEMBLYATTRIBUTES.OBJ
C:\USERS\GEORG\DOCUMENTS\VISUAL STUDIO 2012\GITHUBMESS\NBODYSKETCH\NBODYSKETCH\X64\RELEASE\NBODYLIBCPP.DLL
C:\USERS\GEORG\DOCUMENTS\VISUAL STUDIO 2012\GITHUBMESS\NBODYSKETCH\NBODYSKETCH\X64\RELEASE\NBODYLIBCPP.PDB
C:\USERS\GEORG\DOCUMENTS\VISUAL STUDIO 2012\GITHUBMESS\NBODYSKETCH\NBODYSKETCH\NBODYLIBCPP\X64\RELEASE\METAGEN.WRITE.1.TLOG
C:\Users\georg\Documents\Visual Studio 2012\GitHubMess\nbodysketch\nbodysketch\x64\Release\VectorLib.dll
C:\Users\georg\Documents\Visual Studio 2012\GitHubMess\nbodysketch\nbodysketch\x64\Release\VectorLib.pdb
C:\USERS\GEORG\DOCUMENTS\VISUAL STUDIO 2012\GITHUBMESS\NBODYSKETCH\NBODYSKETCH\NBODYLIBCPP\X64\RELEASE\APP.RES
C:\Users\georg\Documents\Visual Studio 2012\GitHubMess\nbodysketch\nbodysketch\NBodyLibCPP\x64\Release\NBodyLibCPP.vcxprojResolveAssemblyReference.cache
C:\Users\georg\Documents\Visual Studio 2012\GitHubMess\nbodysketch\nbodysketch\NBodyLibCPP\x64\Release\.NETFramework,Version=v4.5.AssemblyAttributes.obj
C:\Users\georg\Documents\Visual Studio 2012\GitHubMess\nbodysketch\nbodysketch\NBodyLibCPP\x64\Release\AssemblyInfo.obj
C:\Users\georg\Documents\Visual Studio 2012\GitHubMess\nbodysketch\nbodysketch\NBodyLibCPP\x64\Release\Native.obj
C:\Users\georg\Documents\Visual Studio 2012\GitHubMess\nbodysketch\nbodysketch\NBodyLibCPP\x64\Release\NBodyLibCPP.obj
C:\Users\georg\Documents\Visual Studio 2012\GitHubMess\nbodysketch\nbodysketch\NBodyLibCPP\x64\Release\Stdafx.obj
C:\Users\georg\Documents\Visual Studio 2012\GitHubMess\nbodysketch\nbodysketch\NBodyLibCPP\x64\Release\cl.command.1.tlog
C:\Users\georg\Documents\Visual Studio 2012\GitHubMess\nbodysketch\nbodysketch\NBodyLibCPP\x64\Release\CL.read.1.tlog
C:\Users\georg\Documents\Visual Studio 2012\GitHubMess\nbodysketch\nbodysketch\NBodyLibCPP\x64\Release\CL.write.1.tlog
C:\Users\georg\Documents\Visual Studio 2012\GitHubMess\nbodysketch\nbodysketch\NBodyLibCPP\x64\Release\link-cvtres.read.1.tlog
C:\Users\georg\Documents\Visual Studio 2012\GitHubMess\nbodysketch\nbodysketch\NBodyLibCPP\x64\Release\link-cvtres.write.1.tlog
C:\Users\georg\Documents\Visual Studio 2012\GitHubMess\nbodysketch\nbodysketch\NBodyLibCPP\x64\Release\link-rc.read.1.tlog
C:\Users\georg\Documents\Visual Studio 2012\GitHubMess\nbodysketch\nbodysketch\NBodyLibCPP\x64\Release\link-rc.write.1.tlog
C:\Users\georg\Documents\Visual Studio 2012\GitHubMess\nbodysketch\nbodysketch\NBodyLibCPP\x64\Release\link.command.1.tlog
C:\Users\georg\Documents\Visual Studio 2012\GitHubMess\nbodysketch\nbodysketch\NBodyLibCPP\x64\Release\link.read.1.tlog
C:\Users\georg\Documents\Visual Studio 2012\GitHubMess\nbodysketch\nbodysketch\NBodyLibCPP\x64\Release\link.write.1.tlog
C:\Users\georg\Documents\Visual Studio 2012\GitHubMess\nbodysketch\nbodysketch\NBodyLibCPP\x64\Release\metagen.read.1.tlog
C:\Users\georg\Documents\Visual Studio 2012\GitHubMess\nbodysketch\nbodysketch\NBodyLibCPP\x64\Release\metagen.write.1.tlog
C:\Users\georg\Documents\Visual Studio 2012\GitHubMess\nbodysketch\nbodysketch\NBodyLibCPP\x64\Release\NBodyLibCPP.write.1.tlog
C:\Users\georg\Documents\Visual Studio 2012\GitHubMess\nbodysketch\nbodysketch\NBodyLibCPP\x64\Release\rc.command.1.tlog
C:\Users\georg\Documents\Visual Studio 2012\GitHubMess\nbodysketch\nbodysketch\NBodyLibCPP\x64\Release\rc.read.1.tlog
C:\Users\georg\Documents\Visual Studio 2012\GitHubMess\nbodysketch\nbodysketch\NBodyLibCPP\x64\Release\rc.write.1.tlog
C:\Users\georg\Documents\Visual Studio 2012\GitHubMess\nbodysketch\nbodysketch\NBodyLibCPP\x64\Release\app.res
C:\Users\georg\Documents\Visual Studio 2012\GitHubMess\nbodysketch\nbodysketch\NBodyLibCPP\x64\Release\NBodyLibCPP.pch
C:\Users\georg\Documents\Visual Studio 2012\GitHubMess\nbodysketch\nbodysketch\NBodyLibCPP\x64\Release\vc110.pdb
C:\Users\georg\Documents\Visual Studio 2012\GitHubMess\nbodysketch\nbodysketch\NBodyLibCPP\x64\Release\VECTORLIB.DLL.metagen
C:\Users\georg\Documents\Visual Studio 2012\GitHubMess\nbodysketch\nbodysketch\NBodyLibCPP\x64\Release\RSAENH.DLL.bi
C:\Users\georg\Documents\Visual Studio 2012\GitHubMess\nbodysketch\nbodysketch\NBodyLibCPP\x64\Release\TZRES.DLL.bi
C:\Users\georg\Documents\Visual Studio 2012\GitHubMess\nbodysketch\nbodysketch\x64\Release\NBodyLibCPP.pdb
C:\Users\georg\Documents\Visual Studio 2012\GitHubMess\nbodysketch\nbodysketch\x64\Release\NBodyLibCPP.dll
