C:\USERS\GEORG\DOCUMENTS\VISUAL STUDIO 2012\GITHUBMESS\NBODYSKETCH\NBODYSKETCH\NBODYLIBCPP\RELEASE\NBODYLIBCPP.PCH
C:\USERS\GEORG\DOCUMENTS\VISUAL STUDIO 2012\GITHUBMESS\NBODYSKETCH\NBODYSKETCH\NBODYLIBCPP\RELEASE\STDAFX.OBJ
C:\USERS\GEORG\DOCUMENTS\VISUAL STUDIO 2012\GITHUBMESS\NBODYSKETCH\NBODYSKETCH\NBODYLIBCPP\RELEASE\VC110.PDB
C:\USERS\GEORG\DOCUMENTS\VISUAL STUDIO 2012\GITHUBMESS\NBODYSKETCH\NBODYSKETCH\NBODYLIBCPP\RELEASE\NBODYLIBCPP.OBJ
C:\USERS\GEORG\DOCUMENTS\VISUAL STUDIO 2012\GITHUBMESS\NBODYSKETCH\NBODYSKETCH\NBODYLIBCPP\RELEASE\ASSEMBLYINFO.OBJ
C:\USERS\GEORG\DOCUMENTS\VISUAL STUDIO 2012\GITHUBMESS\NBODYSKETCH\NBODYSKETCH\NBODYLIBCPP\RELEASE\.NETFRAMEWORK,VERSION=V4.5.ASSEMBLYATTRIBUTES.OBJ
C:\USERS\GEORG\DOCUMENTS\VISUAL STUDIO 2012\GITHUBMESS\NBODYSKETCH\NBODYSKETCH\RELEASE\NBODYLIBCPP.DLL
C:\USERS\GEORG\DOCUMENTS\VISUAL STUDIO 2012\GITHUBMESS\NBODYSKETCH\NBODYSKETCH\RELEASE\NBODYLIBCPP.PDB
C:\USERS\GEORG\DOCUMENTS\VISUAL STUDIO 2012\GITHUBMESS\NBODYSKETCH\NBODYSKETCH\NBODYLIBCPP\RELEASE\METAGEN.WRITE.1.TLOG
C:\Users\georg\Documents\Visual Studio 2012\GitHubMess\nbodysketch\nbodysketch\Release\VectorLib.dll
C:\Users\georg\Documents\Visual Studio 2012\GitHubMess\nbodysketch\nbodysketch\Release\VectorLib.pdb
C:\USERS\GEORG\DOCUMENTS\VISUAL STUDIO 2012\GITHUBMESS\NBODYSKETCH\NBODYSKETCH\NBODYLIBCPP\RELEASE\APP.RES
C:\Users\georg\Documents\Visual Studio 2012\GitHubMess\nbodysketch\nbodysketch\NBodyLibCPP\Release\NBodyLibCPP.vcxprojResolveAssemblyReference.cache
C:\Users\georg\Documents\Visual Studio 2012\GitHubMess\nbodysketch\nbodysketch\NBodyLibCPP\Release\.NETFramework,Version=v4.5.AssemblyAttributes.obj
C:\Users\georg\Documents\Visual Studio 2012\GitHubMess\nbodysketch\nbodysketch\NBodyLibCPP\Release\AssemblyInfo.obj
C:\Users\georg\Documents\Visual Studio 2012\GitHubMess\nbodysketch\nbodysketch\NBodyLibCPP\Release\NBodyLibCPP.obj
C:\Users\georg\Documents\Visual Studio 2012\GitHubMess\nbodysketch\nbodysketch\NBodyLibCPP\Release\Stdafx.obj
C:\Users\georg\Documents\Visual Studio 2012\GitHubMess\nbodysketch\nbodysketch\NBodyLibCPP\Release\cl.command.1.tlog
C:\Users\georg\Documents\Visual Studio 2012\GitHubMess\nbodysketch\nbodysketch\NBodyLibCPP\Release\CL.read.1.tlog
C:\Users\georg\Documents\Visual Studio 2012\GitHubMess\nbodysketch\nbodysketch\NBodyLibCPP\Release\CL.write.1.tlog
C:\Users\georg\Documents\Visual Studio 2012\GitHubMess\nbodysketch\nbodysketch\NBodyLibCPP\Release\link-cvtres.read.1.tlog
C:\Users\georg\Documents\Visual Studio 2012\GitHubMess\nbodysketch\nbodysketch\NBodyLibCPP\Release\link-cvtres.write.1.tlog
C:\Users\georg\Documents\Visual Studio 2012\GitHubMess\nbodysketch\nbodysketch\NBodyLibCPP\Release\link-rc.read.1.tlog
C:\Users\georg\Documents\Visual Studio 2012\GitHubMess\nbodysketch\nbodysketch\NBodyLibCPP\Release\link-rc.write.1.tlog
C:\Users\georg\Documents\Visual Studio 2012\GitHubMess\nbodysketch\nbodysketch\NBodyLibCPP\Release\link.command.1.tlog
C:\Users\georg\Documents\Visual Studio 2012\GitHubMess\nbodysketch\nbodysketch\NBodyLibCPP\Release\link.read.1.tlog
C:\Users\georg\Documents\Visual Studio 2012\GitHubMess\nbodysketch\nbodysketch\NBodyLibCPP\Release\link.write.1.tlog
C:\Users\georg\Documents\Visual Studio 2012\GitHubMess\nbodysketch\nbodysketch\NBodyLibCPP\Release\metagen.read.1.tlog
C:\Users\georg\Documents\Visual Studio 2012\GitHubMess\nbodysketch\nbodysketch\NBodyLibCPP\Release\metagen.write.1.tlog
C:\Users\georg\Documents\Visual Studio 2012\GitHubMess\nbodysketch\nbodysketch\NBodyLibCPP\Release\NBodyLibCPP.write.1.tlog
C:\Users\georg\Documents\Visual Studio 2012\GitHubMess\nbodysketch\nbodysketch\NBodyLibCPP\Release\rc.command.1.tlog
C:\Users\georg\Documents\Visual Studio 2012\GitHubMess\nbodysketch\nbodysketch\NBodyLibCPP\Release\rc.read.1.tlog
C:\Users\georg\Documents\Visual Studio 2012\GitHubMess\nbodysketch\nbodysketch\NBodyLibCPP\Release\rc.write.1.tlog
C:\Users\georg\Documents\Visual Studio 2012\GitHubMess\nbodysketch\nbodysketch\NBodyLibCPP\Release\app.res
C:\Users\georg\Documents\Visual Studio 2012\GitHubMess\nbodysketch\nbodysketch\NBodyLibCPP\Release\NBodyLibCPP.pch
C:\Users\georg\Documents\Visual Studio 2012\GitHubMess\nbodysketch\nbodysketch\NBodyLibCPP\Release\vc110.pdb
C:\Users\georg\Documents\Visual Studio 2012\GitHubMess\nbodysketch\nbodysketch\NBodyLibCPP\Release\VECTORLIB.DLL.metagen
C:\Users\georg\Documents\Visual Studio 2012\GitHubMess\nbodysketch\nbodysketch\NBodyLibCPP\Release\RSAENH.DLL.bi
C:\Users\georg\Documents\Visual Studio 2012\GitHubMess\nbodysketch\nbodysketch\NBodyLibCPP\Release\TZRES.DLL.bi
C:\Users\georg\Documents\Visual Studio 2012\GitHubMess\nbodysketch\nbodysketch\Release\NBodyLibCPP.pdb
C:\Users\georg\Documents\Visual Studio 2012\GitHubMess\nbodysketch\nbodysketch\Release\NBodyLibCPP.dll
